2025-12-18 17:28:37 - INFO - 
================================================================================
2025-12-18 17:28:37 - INFO - НЭВТРЭХ: BERT_UNCASED ЭМБЕДДИНГ АШИГЛАН СУРГАЛТ - ADABOOST
2025-12-18 17:28:37 - INFO - ================================================================================
2025-12-18 17:28:37 - INFO - Огноо ба цаг: 2025-12-18 17:28:37
2025-12-18 17:28:37 - INFO - Эмбеддингийн төрөл: bert_uncased
2025-12-18 17:28:37 - INFO - Өгөгдлийн хэмжээ: (50000, 768)
2025-12-18 17:28:37 - INFO - Лэйбэлийн тоо: 50000
2025-12-18 17:28:37 - DEBUG - [bert_uncased] Параметрүүдийн Grid:
2025-12-18 17:28:37 - DEBUG - {
  "n_estimators": [
    "50",
    "100",
    "200",
    "300"
  ],
  "learning_rate": [
    "0.01",
    "0.1",
    "0.5",
    "1.0"
  ],
  "algorithm": [
    "SAMME"
  ]
}
2025-12-18 17:28:37 - INFO - [bert_uncased] Өгөгдлийг train/test хувааж байна (test_size=0.2)...
2025-12-18 17:28:37 - INFO - [bert_uncased] Train: (40000, 768) | Test: (10000, 768)
2025-12-18 17:28:37 - INFO - [bert_uncased] AdaBoost модел үүсгэж байна...
2025-12-18 17:28:37 - INFO - [bert_uncased] Grid Search with 5-Fold CV эхлүүлж байна...
2025-12-18 17:28:37 - INFO - [bert_uncased] Сургалт эхлэв...
